máj 09, 2018 1:02:06 AM service.LoginBean checkUser
SEVERE: Login user 
máj 09, 2018 1:02:33 AM service.LoginBean checkUser
SEVERE: Login user 
máj 09, 2018 2:28:51 AM service.LoginBean signUpUser
WARNING: signUp, autocommit to true, user = Ivan
org.postgresql.util.PSQLException: This connection has been closed.
	at org.postgresql.jdbc.PgConnection.checkClosed(PgConnection.java:767)
	at org.postgresql.jdbc.PgConnection.setAutoCommit(PgConnection.java:713)
	at service.LoginBean.signUpUser(LoginBean.java:211)
	at sun.reflect.NativeMethodAccessorImpl.invoke0(Native Method)
	at sun.reflect.NativeMethodAccessorImpl.invoke(NativeMethodAccessorImpl.java:62)
	at sun.reflect.DelegatingMethodAccessorImpl.invoke(DelegatingMethodAccessorImpl.java:43)
	at java.lang.reflect.Method.invoke(Method.java:498)
	at org.jboss.as.ee.component.ManagedReferenceMethodInterceptor.processInvocation(ManagedReferenceMethodInterceptor.java:52)
	at org.jboss.invocation.InterceptorContext.proceed(InterceptorContext.java:422)
	at org.jboss.invocation.InterceptorContext$Invocation.proceed(InterceptorContext.java:509)
	at org.jboss.as.weld.interceptors.Jsr299BindingsInterceptor.doMethodInterception(Jsr299BindingsInterceptor.java:90)
	at org.jboss.as.weld.interceptors.Jsr299BindingsInterceptor.processInvocation(Jsr299BindingsInterceptor.java:101)
	at org.jboss.as.ee.component.interceptors.UserInterceptorFactory$1.processInvocation(UserInterceptorFactory.java:63)
	at org.jboss.invocation.InterceptorContext.proceed(InterceptorContext.java:422)
	at org.jboss.as.ejb3.component.invocationmetrics.ExecutionTimeInterceptor.processInvocation(ExecutionTimeInterceptor.java:43)
	at org.jboss.invocation.InterceptorContext.proceed(InterceptorContext.java:422)
	at org.jboss.as.jpa.interceptor.SBInvocationInterceptor.processInvocation(SBInvocationInterceptor.java:47)
	at org.jboss.invocation.InterceptorContext.proceed(InterceptorContext.java:422)
	at org.jboss.as.ee.concurrent.ConcurrentContextInterceptor.processInvocation(ConcurrentContextInterceptor.java:45)
	at org.jboss.invocation.InterceptorContext.proceed(InterceptorContext.java:422)
	at org.jboss.invocation.InitialInterceptor.processInvocation(InitialInterceptor.java:40)
	at org.jboss.invocation.InterceptorContext.proceed(InterceptorContext.java:422)
	at org.jboss.invocation.ChainedInterceptor.processInvocation(ChainedInterceptor.java:53)
	at org.jboss.as.ee.component.interceptors.ComponentDispatcherInterceptor.processInvocation(ComponentDispatcherInterceptor.java:52)
	at org.jboss.invocation.InterceptorContext.proceed(InterceptorContext.java:422)
	at org.jboss.as.ejb3.component.pool.PooledInstanceInterceptor.processInvocation(PooledInstanceInterceptor.java:51)
	at org.jboss.invocation.InterceptorContext.proceed(InterceptorContext.java:422)
	at org.jboss.as.ejb3.tx.CMTTxInterceptor.invokeInOurTx(CMTTxInterceptor.java:273)
	at org.jboss.as.ejb3.tx.CMTTxInterceptor.required(CMTTxInterceptor.java:330)
	at org.jboss.as.ejb3.tx.CMTTxInterceptor.processInvocation(CMTTxInterceptor.java:238)
	at org.jboss.invocation.InterceptorContext.proceed(InterceptorContext.java:422)
	at org.jboss.invocation.InterceptorContext$Invocation.proceed(InterceptorContext.java:509)
	at org.jboss.weld.module.ejb.AbstractEJBRequestScopeActivationInterceptor.aroundInvoke(AbstractEJBRequestScopeActivationInterceptor.java:81)
	at org.jboss.as.weld.ejb.EjbRequestScopeActivationInterceptor.processInvocation(EjbRequestScopeActivationInterceptor.java:89)
	at org.jboss.invocation.InterceptorContext.proceed(InterceptorContext.java:422)
	at org.jboss.as.ejb3.remote.EJBRemoteTransactionPropagatingInterceptor.processInvocation(EJBRemoteTransactionPropagatingInterceptor.java:89)
	at org.jboss.invocation.InterceptorContext.proceed(InterceptorContext.java:422)
	at org.jboss.as.ejb3.component.interceptors.CurrentInvocationContextInterceptor.processInvocation(CurrentInvocationContextInterceptor.java:41)
	at org.jboss.invocation.InterceptorContext.proceed(InterceptorContext.java:422)
	at org.jboss.as.ejb3.component.invocationmetrics.WaitTimeInterceptor.processInvocation(WaitTimeInterceptor.java:47)
	at org.jboss.invocation.InterceptorContext.proceed(InterceptorContext.java:422)
	at org.jboss.as.ejb3.security.SecurityContextInterceptor.processInvocation(SecurityContextInterceptor.java:100)
	at org.jboss.invocation.InterceptorContext.proceed(InterceptorContext.java:422)
	at org.jboss.as.ejb3.deployment.processors.StartupAwaitInterceptor.processInvocation(StartupAwaitInterceptor.java:22)
	at org.jboss.invocation.InterceptorContext.proceed(InterceptorContext.java:422)
	at org.jboss.as.ejb3.component.interceptors.ShutDownInterceptorFactory$1.processInvocation(ShutDownInterceptorFactory.java:64)
	at org.jboss.invocation.InterceptorContext.proceed(InterceptorContext.java:422)
	at org.jboss.as.ejb3.deployment.processors.EjbSuspendInterceptor.processInvocation(EjbSuspendInterceptor.java:57)
	at org.jboss.invocation.InterceptorContext.proceed(InterceptorContext.java:422)
	at org.jboss.as.ejb3.component.interceptors.LoggingInterceptor.processInvocation(LoggingInterceptor.java:67)
	at org.jboss.invocation.InterceptorContext.proceed(InterceptorContext.java:422)
	at org.jboss.as.ee.component.NamespaceContextInterceptor.processInvocation(NamespaceContextInterceptor.java:50)
	at org.jboss.invocation.InterceptorContext.proceed(InterceptorContext.java:422)
	at org.jboss.as.ejb3.component.interceptors.AdditionalSetupInterceptor.processInvocation(AdditionalSetupInterceptor.java:54)
	at org.jboss.invocation.InterceptorContext.proceed(InterceptorContext.java:422)
	at org.jboss.invocation.ContextClassLoaderInterceptor.processInvocation(ContextClassLoaderInterceptor.java:60)
	at org.jboss.invocation.InterceptorContext.proceed(InterceptorContext.java:422)
	at org.jboss.invocation.InterceptorContext.run(InterceptorContext.java:438)
	at org.wildfly.security.manager.WildFlySecurityManager.doChecked(WildFlySecurityManager.java:619)
	at org.jboss.invocation.AccessCheckingInterceptor.processInvocation(AccessCheckingInterceptor.java:57)
	at org.jboss.invocation.InterceptorContext.proceed(InterceptorContext.java:422)
	at org.jboss.invocation.ChainedInterceptor.processInvocation(ChainedInterceptor.java:53)
	at org.jboss.as.ee.component.ViewService$View.invoke(ViewService.java:198)
	at org.wildfly.security.auth.server.SecurityIdentity.runAsFunctionEx(SecurityIdentity.java:380)
	at org.jboss.as.ejb3.remote.AssociationImpl.invokeWithIdentity(AssociationImpl.java:541)
	at org.jboss.as.ejb3.remote.AssociationImpl.invokeMethod(AssociationImpl.java:536)
	at org.jboss.as.ejb3.remote.AssociationImpl.lambda$receiveInvocationRequest$0(AssociationImpl.java:194)
	at org.jboss.threads.ContextClassLoaderSavingRunnable.run(ContextClassLoaderSavingRunnable.java:35)
	at org.jboss.threads.EnhancedQueueExecutor.safeRun(EnhancedQueueExecutor.java:1985)
	at org.jboss.threads.EnhancedQueueExecutor$ThreadBody.doRunTask(EnhancedQueueExecutor.java:1487)
	at org.jboss.threads.EnhancedQueueExecutor$ThreadBody.run(EnhancedQueueExecutor.java:1378)
	at java.lang.Thread.run(Thread.java:748)

máj 09, 2018 2:29:27 AM service.LoginBean signUpUser
WARNING: signUp, autocommit to true, user = Filip
org.postgresql.util.PSQLException: This connection has been closed.
	at org.postgresql.jdbc.PgConnection.checkClosed(PgConnection.java:767)
	at org.postgresql.jdbc.PgConnection.setAutoCommit(PgConnection.java:713)
	at service.LoginBean.signUpUser(LoginBean.java:211)
	at sun.reflect.NativeMethodAccessorImpl.invoke0(Native Method)
	at sun.reflect.NativeMethodAccessorImpl.invoke(NativeMethodAccessorImpl.java:62)
	at sun.reflect.DelegatingMethodAccessorImpl.invoke(DelegatingMethodAccessorImpl.java:43)
	at java.lang.reflect.Method.invoke(Method.java:498)
	at org.jboss.as.ee.component.ManagedReferenceMethodInterceptor.processInvocation(ManagedReferenceMethodInterceptor.java:52)
	at org.jboss.invocation.InterceptorContext.proceed(InterceptorContext.java:422)
	at org.jboss.invocation.InterceptorContext$Invocation.proceed(InterceptorContext.java:509)
	at org.jboss.as.weld.interceptors.Jsr299BindingsInterceptor.doMethodInterception(Jsr299BindingsInterceptor.java:90)
	at org.jboss.as.weld.interceptors.Jsr299BindingsInterceptor.processInvocation(Jsr299BindingsInterceptor.java:101)
	at org.jboss.as.ee.component.interceptors.UserInterceptorFactory$1.processInvocation(UserInterceptorFactory.java:63)
	at org.jboss.invocation.InterceptorContext.proceed(InterceptorContext.java:422)
	at org.jboss.as.ejb3.component.invocationmetrics.ExecutionTimeInterceptor.processInvocation(ExecutionTimeInterceptor.java:43)
	at org.jboss.invocation.InterceptorContext.proceed(InterceptorContext.java:422)
	at org.jboss.as.jpa.interceptor.SBInvocationInterceptor.processInvocation(SBInvocationInterceptor.java:47)
	at org.jboss.invocation.InterceptorContext.proceed(InterceptorContext.java:422)
	at org.jboss.as.ee.concurrent.ConcurrentContextInterceptor.processInvocation(ConcurrentContextInterceptor.java:45)
	at org.jboss.invocation.InterceptorContext.proceed(InterceptorContext.java:422)
	at org.jboss.invocation.InitialInterceptor.processInvocation(InitialInterceptor.java:40)
	at org.jboss.invocation.InterceptorContext.proceed(InterceptorContext.java:422)
	at org.jboss.invocation.ChainedInterceptor.processInvocation(ChainedInterceptor.java:53)
	at org.jboss.as.ee.component.interceptors.ComponentDispatcherInterceptor.processInvocation(ComponentDispatcherInterceptor.java:52)
	at org.jboss.invocation.InterceptorContext.proceed(InterceptorContext.java:422)
	at org.jboss.as.ejb3.component.pool.PooledInstanceInterceptor.processInvocation(PooledInstanceInterceptor.java:51)
	at org.jboss.invocation.InterceptorContext.proceed(InterceptorContext.java:422)
	at org.jboss.as.ejb3.tx.CMTTxInterceptor.invokeInOurTx(CMTTxInterceptor.java:273)
	at org.jboss.as.ejb3.tx.CMTTxInterceptor.required(CMTTxInterceptor.java:330)
	at org.jboss.as.ejb3.tx.CMTTxInterceptor.processInvocation(CMTTxInterceptor.java:238)
	at org.jboss.invocation.InterceptorContext.proceed(InterceptorContext.java:422)
	at org.jboss.invocation.InterceptorContext$Invocation.proceed(InterceptorContext.java:509)
	at org.jboss.weld.module.ejb.AbstractEJBRequestScopeActivationInterceptor.aroundInvoke(AbstractEJBRequestScopeActivationInterceptor.java:81)
	at org.jboss.as.weld.ejb.EjbRequestScopeActivationInterceptor.processInvocation(EjbRequestScopeActivationInterceptor.java:89)
	at org.jboss.invocation.InterceptorContext.proceed(InterceptorContext.java:422)
	at org.jboss.as.ejb3.remote.EJBRemoteTransactionPropagatingInterceptor.processInvocation(EJBRemoteTransactionPropagatingInterceptor.java:89)
	at org.jboss.invocation.InterceptorContext.proceed(InterceptorContext.java:422)
	at org.jboss.as.ejb3.component.interceptors.CurrentInvocationContextInterceptor.processInvocation(CurrentInvocationContextInterceptor.java:41)
	at org.jboss.invocation.InterceptorContext.proceed(InterceptorContext.java:422)
	at org.jboss.as.ejb3.component.invocationmetrics.WaitTimeInterceptor.processInvocation(WaitTimeInterceptor.java:47)
	at org.jboss.invocation.InterceptorContext.proceed(InterceptorContext.java:422)
	at org.jboss.as.ejb3.security.SecurityContextInterceptor.processInvocation(SecurityContextInterceptor.java:100)
	at org.jboss.invocation.InterceptorContext.proceed(InterceptorContext.java:422)
	at org.jboss.as.ejb3.deployment.processors.StartupAwaitInterceptor.processInvocation(StartupAwaitInterceptor.java:22)
	at org.jboss.invocation.InterceptorContext.proceed(InterceptorContext.java:422)
	at org.jboss.as.ejb3.component.interceptors.ShutDownInterceptorFactory$1.processInvocation(ShutDownInterceptorFactory.java:64)
	at org.jboss.invocation.InterceptorContext.proceed(InterceptorContext.java:422)
	at org.jboss.as.ejb3.deployment.processors.EjbSuspendInterceptor.processInvocation(EjbSuspendInterceptor.java:57)
	at org.jboss.invocation.InterceptorContext.proceed(InterceptorContext.java:422)
	at org.jboss.as.ejb3.component.interceptors.LoggingInterceptor.processInvocation(LoggingInterceptor.java:67)
	at org.jboss.invocation.InterceptorContext.proceed(InterceptorContext.java:422)
	at org.jboss.as.ee.component.NamespaceContextInterceptor.processInvocation(NamespaceContextInterceptor.java:50)
	at org.jboss.invocation.InterceptorContext.proceed(InterceptorContext.java:422)
	at org.jboss.as.ejb3.component.interceptors.AdditionalSetupInterceptor.processInvocation(AdditionalSetupInterceptor.java:54)
	at org.jboss.invocation.InterceptorContext.proceed(InterceptorContext.java:422)
	at org.jboss.invocation.ContextClassLoaderInterceptor.processInvocation(ContextClassLoaderInterceptor.java:60)
	at org.jboss.invocation.InterceptorContext.proceed(InterceptorContext.java:422)
	at org.jboss.invocation.InterceptorContext.run(InterceptorContext.java:438)
	at org.wildfly.security.manager.WildFlySecurityManager.doChecked(WildFlySecurityManager.java:619)
	at org.jboss.invocation.AccessCheckingInterceptor.processInvocation(AccessCheckingInterceptor.java:57)
	at org.jboss.invocation.InterceptorContext.proceed(InterceptorContext.java:422)
	at org.jboss.invocation.ChainedInterceptor.processInvocation(ChainedInterceptor.java:53)
	at org.jboss.as.ee.component.ViewService$View.invoke(ViewService.java:198)
	at org.wildfly.security.auth.server.SecurityIdentity.runAsFunctionEx(SecurityIdentity.java:380)
	at org.jboss.as.ejb3.remote.AssociationImpl.invokeWithIdentity(AssociationImpl.java:541)
	at org.jboss.as.ejb3.remote.AssociationImpl.invokeMethod(AssociationImpl.java:536)
	at org.jboss.as.ejb3.remote.AssociationImpl.lambda$receiveInvocationRequest$0(AssociationImpl.java:194)
	at org.jboss.threads.ContextClassLoaderSavingRunnable.run(ContextClassLoaderSavingRunnable.java:35)
	at org.jboss.threads.EnhancedQueueExecutor.safeRun(EnhancedQueueExecutor.java:1985)
	at org.jboss.threads.EnhancedQueueExecutor$ThreadBody.doRunTask(EnhancedQueueExecutor.java:1487)
	at org.jboss.threads.EnhancedQueueExecutor$ThreadBody.run(EnhancedQueueExecutor.java:1378)
	at java.lang.Thread.run(Thread.java:748)

máj 09, 2018 2:35:03 AM service.LoginBean signUpUser
WARNING: signUp, autocommit to true, user = Janka
org.postgresql.util.PSQLException: This connection has been closed.
	at org.postgresql.jdbc.PgConnection.checkClosed(PgConnection.java:767)
	at org.postgresql.jdbc.PgConnection.setAutoCommit(PgConnection.java:713)
	at service.LoginBean.signUpUser(LoginBean.java:211)
	at sun.reflect.NativeMethodAccessorImpl.invoke0(Native Method)
	at sun.reflect.NativeMethodAccessorImpl.invoke(NativeMethodAccessorImpl.java:62)
	at sun.reflect.DelegatingMethodAccessorImpl.invoke(DelegatingMethodAccessorImpl.java:43)
	at java.lang.reflect.Method.invoke(Method.java:498)
	at org.jboss.as.ee.component.ManagedReferenceMethodInterceptor.processInvocation(ManagedReferenceMethodInterceptor.java:52)
	at org.jboss.invocation.InterceptorContext.proceed(InterceptorContext.java:422)
	at org.jboss.invocation.InterceptorContext$Invocation.proceed(InterceptorContext.java:509)
	at org.jboss.as.weld.interceptors.Jsr299BindingsInterceptor.doMethodInterception(Jsr299BindingsInterceptor.java:90)
	at org.jboss.as.weld.interceptors.Jsr299BindingsInterceptor.processInvocation(Jsr299BindingsInterceptor.java:101)
	at org.jboss.as.ee.component.interceptors.UserInterceptorFactory$1.processInvocation(UserInterceptorFactory.java:63)
	at org.jboss.invocation.InterceptorContext.proceed(InterceptorContext.java:422)
	at org.jboss.as.ejb3.component.invocationmetrics.ExecutionTimeInterceptor.processInvocation(ExecutionTimeInterceptor.java:43)
	at org.jboss.invocation.InterceptorContext.proceed(InterceptorContext.java:422)
	at org.jboss.as.jpa.interceptor.SBInvocationInterceptor.processInvocation(SBInvocationInterceptor.java:47)
	at org.jboss.invocation.InterceptorContext.proceed(InterceptorContext.java:422)
	at org.jboss.as.ee.concurrent.ConcurrentContextInterceptor.processInvocation(ConcurrentContextInterceptor.java:45)
	at org.jboss.invocation.InterceptorContext.proceed(InterceptorContext.java:422)
	at org.jboss.invocation.InitialInterceptor.processInvocation(InitialInterceptor.java:40)
	at org.jboss.invocation.InterceptorContext.proceed(InterceptorContext.java:422)
	at org.jboss.invocation.ChainedInterceptor.processInvocation(ChainedInterceptor.java:53)
	at org.jboss.as.ee.component.interceptors.ComponentDispatcherInterceptor.processInvocation(ComponentDispatcherInterceptor.java:52)
	at org.jboss.invocation.InterceptorContext.proceed(InterceptorContext.java:422)
	at org.jboss.as.ejb3.component.pool.PooledInstanceInterceptor.processInvocation(PooledInstanceInterceptor.java:51)
	at org.jboss.invocation.InterceptorContext.proceed(InterceptorContext.java:422)
	at org.jboss.as.ejb3.tx.CMTTxInterceptor.invokeInOurTx(CMTTxInterceptor.java:273)
	at org.jboss.as.ejb3.tx.CMTTxInterceptor.required(CMTTxInterceptor.java:330)
	at org.jboss.as.ejb3.tx.CMTTxInterceptor.processInvocation(CMTTxInterceptor.java:238)
	at org.jboss.invocation.InterceptorContext.proceed(InterceptorContext.java:422)
	at org.jboss.invocation.InterceptorContext$Invocation.proceed(InterceptorContext.java:509)
	at org.jboss.weld.module.ejb.AbstractEJBRequestScopeActivationInterceptor.aroundInvoke(AbstractEJBRequestScopeActivationInterceptor.java:81)
	at org.jboss.as.weld.ejb.EjbRequestScopeActivationInterceptor.processInvocation(EjbRequestScopeActivationInterceptor.java:89)
	at org.jboss.invocation.InterceptorContext.proceed(InterceptorContext.java:422)
	at org.jboss.as.ejb3.remote.EJBRemoteTransactionPropagatingInterceptor.processInvocation(EJBRemoteTransactionPropagatingInterceptor.java:89)
	at org.jboss.invocation.InterceptorContext.proceed(InterceptorContext.java:422)
	at org.jboss.as.ejb3.component.interceptors.CurrentInvocationContextInterceptor.processInvocation(CurrentInvocationContextInterceptor.java:41)
	at org.jboss.invocation.InterceptorContext.proceed(InterceptorContext.java:422)
	at org.jboss.as.ejb3.component.invocationmetrics.WaitTimeInterceptor.processInvocation(WaitTimeInterceptor.java:47)
	at org.jboss.invocation.InterceptorContext.proceed(InterceptorContext.java:422)
	at org.jboss.as.ejb3.security.SecurityContextInterceptor.processInvocation(SecurityContextInterceptor.java:100)
	at org.jboss.invocation.InterceptorContext.proceed(InterceptorContext.java:422)
	at org.jboss.as.ejb3.deployment.processors.StartupAwaitInterceptor.processInvocation(StartupAwaitInterceptor.java:22)
	at org.jboss.invocation.InterceptorContext.proceed(InterceptorContext.java:422)
	at org.jboss.as.ejb3.component.interceptors.ShutDownInterceptorFactory$1.processInvocation(ShutDownInterceptorFactory.java:64)
	at org.jboss.invocation.InterceptorContext.proceed(InterceptorContext.java:422)
	at org.jboss.as.ejb3.deployment.processors.EjbSuspendInterceptor.processInvocation(EjbSuspendInterceptor.java:57)
	at org.jboss.invocation.InterceptorContext.proceed(InterceptorContext.java:422)
	at org.jboss.as.ejb3.component.interceptors.LoggingInterceptor.processInvocation(LoggingInterceptor.java:67)
	at org.jboss.invocation.InterceptorContext.proceed(InterceptorContext.java:422)
	at org.jboss.as.ee.component.NamespaceContextInterceptor.processInvocation(NamespaceContextInterceptor.java:50)
	at org.jboss.invocation.InterceptorContext.proceed(InterceptorContext.java:422)
	at org.jboss.as.ejb3.component.interceptors.AdditionalSetupInterceptor.processInvocation(AdditionalSetupInterceptor.java:54)
	at org.jboss.invocation.InterceptorContext.proceed(InterceptorContext.java:422)
	at org.jboss.invocation.ContextClassLoaderInterceptor.processInvocation(ContextClassLoaderInterceptor.java:60)
	at org.jboss.invocation.InterceptorContext.proceed(InterceptorContext.java:422)
	at org.jboss.invocation.InterceptorContext.run(InterceptorContext.java:438)
	at org.wildfly.security.manager.WildFlySecurityManager.doChecked(WildFlySecurityManager.java:619)
	at org.jboss.invocation.AccessCheckingInterceptor.processInvocation(AccessCheckingInterceptor.java:57)
	at org.jboss.invocation.InterceptorContext.proceed(InterceptorContext.java:422)
	at org.jboss.invocation.ChainedInterceptor.processInvocation(ChainedInterceptor.java:53)
	at org.jboss.as.ee.component.ViewService$View.invoke(ViewService.java:198)
	at org.wildfly.security.auth.server.SecurityIdentity.runAsFunctionEx(SecurityIdentity.java:380)
	at org.jboss.as.ejb3.remote.AssociationImpl.invokeWithIdentity(AssociationImpl.java:541)
	at org.jboss.as.ejb3.remote.AssociationImpl.invokeMethod(AssociationImpl.java:536)
	at org.jboss.as.ejb3.remote.AssociationImpl.lambda$receiveInvocationRequest$0(AssociationImpl.java:194)
	at org.jboss.threads.ContextClassLoaderSavingRunnable.run(ContextClassLoaderSavingRunnable.java:35)
	at org.jboss.threads.EnhancedQueueExecutor.safeRun(EnhancedQueueExecutor.java:1985)
	at org.jboss.threads.EnhancedQueueExecutor$ThreadBody.doRunTask(EnhancedQueueExecutor.java:1487)
	at org.jboss.threads.EnhancedQueueExecutor$ThreadBody.run(EnhancedQueueExecutor.java:1378)
	at java.lang.Thread.run(Thread.java:748)

